  [1m[35m (0.1ms)[0m  [1m[34mSELECT sqlite_version(*)[0m
  ↳ bin/rails:9
  [1m[35m (106.9ms)[0m  [1m[35mCREATE TABLE "schema_migrations" ("version" varchar NOT NULL PRIMARY KEY)[0m
  ↳ bin/rails:9
  [1m[35m (84.8ms)[0m  [1m[35mCREATE TABLE "ar_internal_metadata" ("key" varchar NOT NULL PRIMARY KEY, "value" varchar, "created_at" datetime NOT NULL, "updated_at" datetime NOT NULL)[0m
  ↳ bin/rails:9
  [1m[35m (0.3ms)[0m  [1m[34mSELECT "schema_migrations"."version" FROM "schema_migrations" ORDER BY "schema_migrations"."version" ASC[0m
  ↳ bin/rails:9
Migrating to CreateDoctors (20181025130952)
  [1m[35m (0.1ms)[0m  [1m[36mbegin transaction[0m
  ↳ bin/rails:9
  [1m[35m (0.4ms)[0m  [1m[35mCREATE TABLE "doctors" ("id" integer PRIMARY KEY AUTOINCREMENT NOT NULL, "first_name" varchar, "last_name" varchar, "specialty" varchar, "postal_code" integer, "created_at" datetime NOT NULL, "updated_at" datetime NOT NULL)[0m
  ↳ db/migrate/20181025130952_create_doctors.rb:3
  [1m[36mActiveRecord::SchemaMigration Create (0.3ms)[0m  [1m[32mINSERT INTO "schema_migrations" ("version") VALUES (?)[0m  [["version", "20181025130952"]]
  ↳ bin/rails:9
  [1m[35m (98.9ms)[0m  [1m[36mcommit transaction[0m
  ↳ bin/rails:9
  [1m[36mActiveRecord::InternalMetadata Load (0.2ms)[0m  [1m[34mSELECT  "ar_internal_metadata".* FROM "ar_internal_metadata" WHERE "ar_internal_metadata"."key" = ? LIMIT ?[0m  [["key", "environment"], ["LIMIT", 1]]
  ↳ bin/rails:9
  [1m[35m (0.1ms)[0m  [1m[36mbegin transaction[0m
  ↳ bin/rails:9
  [1m[36mActiveRecord::InternalMetadata Create (0.3ms)[0m  [1m[32mINSERT INTO "ar_internal_metadata" ("key", "value", "created_at", "updated_at") VALUES (?, ?, ?, ?)[0m  [["key", "environment"], ["value", "development"], ["created_at", "2018-10-25 13:17:18.103601"], ["updated_at", "2018-10-25 13:17:18.103601"]]
  ↳ bin/rails:9
  [1m[35m (49.5ms)[0m  [1m[36mcommit transaction[0m
  ↳ bin/rails:9
  [1m[35m (0.2ms)[0m  [1m[34mSELECT "schema_migrations"."version" FROM "schema_migrations" ORDER BY "schema_migrations"."version" ASC[0m
  ↳ bin/rails:9
  [1m[35m (0.1ms)[0m  [1m[34mSELECT "schema_migrations"."version" FROM "schema_migrations" ORDER BY "schema_migrations"."version" ASC[0m
  ↳ bin/rails:9
Migrating to CreatePatients (20181025131742)
  [1m[35m (0.1ms)[0m  [1m[36mbegin transaction[0m
  ↳ bin/rails:9
  [1m[35m (0.1ms)[0m  [1m[34mSELECT sqlite_version(*)[0m
  ↳ db/migrate/20181025131742_create_patients.rb:3
  [1m[35m (0.3ms)[0m  [1m[35mCREATE TABLE "patients" ("id" integer PRIMARY KEY AUTOINCREMENT NOT NULL, "first_name" varchar, "last_name" varchar, "created_at" datetime NOT NULL, "updated_at" datetime NOT NULL)[0m
  ↳ db/migrate/20181025131742_create_patients.rb:3
  [1m[36mActiveRecord::SchemaMigration Create (0.2ms)[0m  [1m[32mINSERT INTO "schema_migrations" ("version") VALUES (?)[0m  [["version", "20181025131742"]]
  ↳ bin/rails:9
  [1m[35m (78.4ms)[0m  [1m[36mcommit transaction[0m
  ↳ bin/rails:9
Migrating to CreateAppointments (20181025131806)
  [1m[35m (0.1ms)[0m  [1m[36mbegin transaction[0m
  ↳ bin/rails:9
  [1m[35m (0.4ms)[0m  [1m[35mCREATE TABLE "appointments" ("id" integer PRIMARY KEY AUTOINCREMENT NOT NULL, "date" datetime, "created_at" datetime NOT NULL, "updated_at" datetime NOT NULL)[0m
  ↳ db/migrate/20181025131806_create_appointments.rb:3
  [1m[36mActiveRecord::SchemaMigration Create (0.2ms)[0m  [1m[32mINSERT INTO "schema_migrations" ("version") VALUES (?)[0m  [["version", "20181025131806"]]
  ↳ bin/rails:9
  [1m[35m (96.7ms)[0m  [1m[36mcommit transaction[0m
  ↳ bin/rails:9
  [1m[36mActiveRecord::InternalMetadata Load (0.4ms)[0m  [1m[34mSELECT  "ar_internal_metadata".* FROM "ar_internal_metadata" WHERE "ar_internal_metadata"."key" = ? LIMIT ?[0m  [["key", "environment"], ["LIMIT", 1]]
  ↳ bin/rails:9
  [1m[35m (0.1ms)[0m  [1m[36mbegin transaction[0m
  ↳ bin/rails:9
  [1m[35m (0.0ms)[0m  [1m[36mcommit transaction[0m
  ↳ bin/rails:9
  [1m[35m (0.1ms)[0m  [1m[34mSELECT "schema_migrations"."version" FROM "schema_migrations" ORDER BY "schema_migrations"."version" ASC[0m
  ↳ bin/rails:9
  [1m[36mDoctor Load (16.6ms)[0m  [1m[34mSELECT  "doctors".* FROM "doctors" WHERE "doctors"."id" = ? LIMIT ?[0m  [["id", 1], ["LIMIT", 1]]
  [1m[36mDoctor Load (0.2ms)[0m  [1m[34mSELECT  "doctors".* FROM "doctors" WHERE "doctors"."id" = ? LIMIT ?[0m  [["id", 1], ["LIMIT", 1]]
  [1m[35m (0.1ms)[0m  [1m[34mSELECT "schema_migrations"."version" FROM "schema_migrations" ORDER BY "schema_migrations"."version" ASC[0m
  ↳ bin/rails:9
  [1m[36mActiveRecord::InternalMetadata Load (11.0ms)[0m  [1m[34mSELECT  "ar_internal_metadata".* FROM "ar_internal_metadata" WHERE "ar_internal_metadata"."key" = ? LIMIT ?[0m  [["key", "environment"], ["LIMIT", 1]]
  ↳ bin/rails:9
  [1m[35m (0.1ms)[0m  [1m[36mbegin transaction[0m
  ↳ bin/rails:9
  [1m[35m (0.0ms)[0m  [1m[36mcommit transaction[0m
  ↳ bin/rails:9
  [1m[35m (0.1ms)[0m  [1m[34mSELECT "schema_migrations"."version" FROM "schema_migrations" ORDER BY "schema_migrations"."version" ASC[0m
  ↳ bin/rails:9
  [1m[35m (0.1ms)[0m  [1m[34mSELECT "schema_migrations"."version" FROM "schema_migrations" ORDER BY "schema_migrations"."version" ASC[0m
  ↳ bin/rails:9
  [1m[36mActiveRecord::InternalMetadata Load (0.2ms)[0m  [1m[34mSELECT  "ar_internal_metadata".* FROM "ar_internal_metadata" WHERE "ar_internal_metadata"."key" = ? LIMIT ?[0m  [["key", "environment"], ["LIMIT", 1]]
  ↳ bin/rails:9
  [1m[35m (0.1ms)[0m  [1m[36mbegin transaction[0m
  ↳ bin/rails:9
  [1m[35m (0.1ms)[0m  [1m[36mcommit transaction[0m
  ↳ bin/rails:9
  [1m[35m (0.2ms)[0m  [1m[34mSELECT "schema_migrations"."version" FROM "schema_migrations" ORDER BY "schema_migrations"."version" ASC[0m
  ↳ bin/rails:9
  [1m[36mDoctor Load (0.2ms)[0m  [1m[34mSELECT  "doctors".* FROM "doctors" WHERE "doctors"."id" = ? LIMIT ?[0m  [["id", 3], ["LIMIT", 1]]
  [1m[36mDoctor Load (0.2ms)[0m  [1m[34mSELECT  "doctors".* FROM "doctors" WHERE "doctors"."id" = ? LIMIT ?[0m  [["id", 0], ["LIMIT", 1]]
  [1m[36mDoctor Load (0.2ms)[0m  [1m[34mSELECT  "doctors".* FROM "doctors" WHERE "doctors"."id" = ? LIMIT ?[0m  [["id", 1], ["LIMIT", 1]]
  [1m[35m (0.1ms)[0m  [1m[34mSELECT "schema_migrations"."version" FROM "schema_migrations" ORDER BY "schema_migrations"."version" ASC[0m
  ↳ bin/rails:9
  [1m[35m (0.1ms)[0m  [1m[34mSELECT "schema_migrations"."version" FROM "schema_migrations" ORDER BY "schema_migrations"."version" ASC[0m
  ↳ bin/rails:9
  [1m[36mActiveRecord::InternalMetadata Load (0.2ms)[0m  [1m[34mSELECT  "ar_internal_metadata".* FROM "ar_internal_metadata" WHERE "ar_internal_metadata"."key" = ? LIMIT ?[0m  [["key", "environment"], ["LIMIT", 1]]
  ↳ bin/rails:9
  [1m[35m (0.1ms)[0m  [1m[36mbegin transaction[0m
  ↳ bin/rails:9
  [1m[35m (0.0ms)[0m  [1m[36mcommit transaction[0m
  ↳ bin/rails:9
  [1m[35m (0.1ms)[0m  [1m[34mSELECT "schema_migrations"."version" FROM "schema_migrations" ORDER BY "schema_migrations"."version" ASC[0m
  ↳ bin/rails:9
  [1m[35m (0.1ms)[0m  [1m[34mSELECT "schema_migrations"."version" FROM "schema_migrations" ORDER BY "schema_migrations"."version" ASC[0m
  ↳ bin/rails:9
  [1m[35m (0.2ms)[0m  [1m[34mSELECT "schema_migrations"."version" FROM "schema_migrations" ORDER BY "schema_migrations"."version" ASC[0m
  ↳ bin/rails:9
  [1m[35m (0.2ms)[0m  [1m[34mSELECT "schema_migrations"."version" FROM "schema_migrations" ORDER BY "schema_migrations"."version" ASC[0m
  ↳ bin/rails:9
  [1m[35m (0.1ms)[0m  [1m[36mbegin transaction[0m
  ↳ db/seeds.rb:14
  [1m[36mPatient Create (21.5ms)[0m  [1m[32mINSERT INTO "patients" ("first_name", "last_name", "created_at", "updated_at") VALUES (?, ?, ?, ?)[0m  [["first_name", "Sammie"], ["last_name", "Jaclyn"], ["created_at", "2018-10-25 14:01:40.768666"], ["updated_at", "2018-10-25 14:01:40.768666"]]
  ↳ db/seeds.rb:14
  [1m[35m (80.5ms)[0m  [1m[36mcommit transaction[0m
  ↳ db/seeds.rb:14
  [1m[35m (0.1ms)[0m  [1m[36mbegin transaction[0m
  ↳ db/seeds.rb:14
  [1m[36mPatient Create (0.3ms)[0m  [1m[32mINSERT INTO "patients" ("first_name", "last_name", "created_at", "updated_at") VALUES (?, ?, ?, ?)[0m  [["first_name", "Williams"], ["last_name", "Wava"], ["created_at", "2018-10-25 14:01:40.874818"], ["updated_at", "2018-10-25 14:01:40.874818"]]
  ↳ db/seeds.rb:14
  [1m[35m (74.0ms)[0m  [1m[36mcommit transaction[0m
  ↳ db/seeds.rb:14
  [1m[35m (0.1ms)[0m  [1m[36mbegin transaction[0m
  ↳ db/seeds.rb:14
  [1m[36mPatient Create (0.4ms)[0m  [1m[32mINSERT INTO "patients" ("first_name", "last_name", "created_at", "updated_at") VALUES (?, ?, ?, ?)[0m  [["first_name", "Lynelle"], ["last_name", "Wilbur"], ["created_at", "2018-10-25 14:01:40.953035"], ["updated_at", "2018-10-25 14:01:40.953035"]]
  ↳ db/seeds.rb:14
  [1m[35m (73.0ms)[0m  [1m[36mcommit transaction[0m
  ↳ db/seeds.rb:14
  [1m[35m (0.1ms)[0m  [1m[36mbegin transaction[0m
  ↳ db/seeds.rb:14
  [1m[36mPatient Create (0.6ms)[0m  [1m[32mINSERT INTO "patients" ("first_name", "last_name", "created_at", "updated_at") VALUES (?, ?, ?, ?)[0m  [["first_name", "Elliot"], ["last_name", "Mario"], ["created_at", "2018-10-25 14:01:41.030770"], ["updated_at", "2018-10-25 14:01:41.030770"]]
  ↳ db/seeds.rb:14
  [1m[35m (84.1ms)[0m  [1m[36mcommit transaction[0m
  ↳ db/seeds.rb:14
  [1m[35m (0.1ms)[0m  [1m[36mbegin transaction[0m
  ↳ db/seeds.rb:14
  [1m[36mPatient Create (0.4ms)[0m  [1m[32mINSERT INTO "patients" ("first_name", "last_name", "created_at", "updated_at") VALUES (?, ?, ?, ?)[0m  [["first_name", "Corey"], ["last_name", "Jenelle"], ["created_at", "2018-10-25 14:01:41.119903"], ["updated_at", "2018-10-25 14:01:41.119903"]]
  ↳ db/seeds.rb:14
  [1m[35m (72.4ms)[0m  [1m[36mcommit transaction[0m
  ↳ db/seeds.rb:14
  [1m[35m (0.1ms)[0m  [1m[36mbegin transaction[0m
  ↳ db/seeds.rb:14
  [1m[36mPatient Create (0.3ms)[0m  [1m[32mINSERT INTO "patients" ("first_name", "last_name", "created_at", "updated_at") VALUES (?, ?, ?, ?)[0m  [["first_name", "Irish"], ["last_name", "Jodi"], ["created_at", "2018-10-25 14:01:41.197319"], ["updated_at", "2018-10-25 14:01:41.197319"]]
  ↳ db/seeds.rb:14
  [1m[35m (73.0ms)[0m  [1m[36mcommit transaction[0m
  ↳ db/seeds.rb:14
  [1m[35m (0.2ms)[0m  [1m[36mbegin transaction[0m
  ↳ db/seeds.rb:14
  [1m[36mPatient Create (1.6ms)[0m  [1m[32mINSERT INTO "patients" ("first_name", "last_name", "created_at", "updated_at") VALUES (?, ?, ?, ?)[0m  [["first_name", "Matthew"], ["last_name", "Reginia"], ["created_at", "2018-10-25 14:01:41.276020"], ["updated_at", "2018-10-25 14:01:41.276020"]]
  ↳ db/seeds.rb:14
  [1m[35m (103.0ms)[0m  [1m[36mcommit transaction[0m
  ↳ db/seeds.rb:14
  [1m[35m (0.1ms)[0m  [1m[36mbegin transaction[0m
  ↳ db/seeds.rb:14
  [1m[36mPatient Create (0.3ms)[0m  [1m[32mINSERT INTO "patients" ("first_name", "last_name", "created_at", "updated_at") VALUES (?, ?, ?, ?)[0m  [["first_name", "Rodger"], ["last_name", "Lucy"], ["created_at", "2018-10-25 14:01:41.385508"], ["updated_at", "2018-10-25 14:01:41.385508"]]
  ↳ db/seeds.rb:14
  [1m[35m (73.4ms)[0m  [1m[36mcommit transaction[0m
  ↳ db/seeds.rb:14
  [1m[35m (0.1ms)[0m  [1m[36mbegin transaction[0m
  ↳ db/seeds.rb:14
  [1m[36mPatient Create (0.4ms)[0m  [1m[32mINSERT INTO "patients" ("first_name", "last_name", "created_at", "updated_at") VALUES (?, ?, ?, ?)[0m  [["first_name", "Natosha"], ["last_name", "Tasia"], ["created_at", "2018-10-25 14:01:41.463079"], ["updated_at", "2018-10-25 14:01:41.463079"]]
  ↳ db/seeds.rb:14
  [1m[35m (96.2ms)[0m  [1m[36mcommit transaction[0m
  ↳ db/seeds.rb:14
  [1m[35m (0.1ms)[0m  [1m[36mbegin transaction[0m
  ↳ db/seeds.rb:14
  [1m[36mPatient Create (0.5ms)[0m  [1m[32mINSERT INTO "patients" ("first_name", "last_name", "created_at", "updated_at") VALUES (?, ?, ?, ?)[0m  [["first_name", "Marcene"], ["last_name", "Joshua"], ["created_at", "2018-10-25 14:01:41.563301"], ["updated_at", "2018-10-25 14:01:41.563301"]]
  ↳ db/seeds.rb:14
  [1m[35m (83.8ms)[0m  [1m[36mcommit transaction[0m
  ↳ db/seeds.rb:14
  [1m[35m (0.1ms)[0m  [1m[34mSELECT "schema_migrations"."version" FROM "schema_migrations" ORDER BY "schema_migrations"."version" ASC[0m
  ↳ bin/rails:9
  [1m[35m (0.1ms)[0m  [1m[36mbegin transaction[0m
  ↳ db/seeds.rb:14
  [1m[36mPatient Create (1.2ms)[0m  [1m[32mINSERT INTO "patients" ("first_name", "last_name", "created_at", "updated_at") VALUES (?, ?, ?, ?)[0m  [["first_name", "Trinity"], ["last_name", "Allen"], ["created_at", "2018-10-25 14:09:00.322396"], ["updated_at", "2018-10-25 14:09:00.322396"]]
  ↳ db/seeds.rb:14
  [1m[35m (62.0ms)[0m  [1m[36mcommit transaction[0m
  ↳ db/seeds.rb:14
  [1m[35m (0.1ms)[0m  [1m[36mbegin transaction[0m
  ↳ db/seeds.rb:14
  [1m[36mPatient Create (0.4ms)[0m  [1m[32mINSERT INTO "patients" ("first_name", "last_name", "created_at", "updated_at") VALUES (?, ?, ?, ?)[0m  [["first_name", "Gabriel"], ["last_name", "Denita"], ["created_at", "2018-10-25 14:09:00.390406"], ["updated_at", "2018-10-25 14:09:00.390406"]]
  ↳ db/seeds.rb:14
  [1m[35m (97.0ms)[0m  [1m[36mcommit transaction[0m
  ↳ db/seeds.rb:14
  [1m[35m (0.1ms)[0m  [1m[36mbegin transaction[0m
  ↳ db/seeds.rb:14
  [1m[36mPatient Create (0.3ms)[0m  [1m[32mINSERT INTO "patients" ("first_name", "last_name", "created_at", "updated_at") VALUES (?, ?, ?, ?)[0m  [["first_name", "Judson"], ["last_name", "Garnet"], ["created_at", "2018-10-25 14:09:00.490633"], ["updated_at", "2018-10-25 14:09:00.490633"]]
  ↳ db/seeds.rb:14
  [1m[35m (84.9ms)[0m  [1m[36mcommit transaction[0m
  ↳ db/seeds.rb:14
  [1m[35m (0.1ms)[0m  [1m[36mbegin transaction[0m
  ↳ db/seeds.rb:14
  [1m[36mPatient Create (0.3ms)[0m  [1m[32mINSERT INTO "patients" ("first_name", "last_name", "created_at", "updated_at") VALUES (?, ?, ?, ?)[0m  [["first_name", "Danette"], ["last_name", "Starla"], ["created_at", "2018-10-25 14:09:00.579281"], ["updated_at", "2018-10-25 14:09:00.579281"]]
  ↳ db/seeds.rb:14
  [1m[35m (84.6ms)[0m  [1m[36mcommit transaction[0m
  ↳ db/seeds.rb:14
  [1m[35m (0.1ms)[0m  [1m[36mbegin transaction[0m
  ↳ db/seeds.rb:14
  [1m[36mPatient Create (0.3ms)[0m  [1m[32mINSERT INTO "patients" ("first_name", "last_name", "created_at", "updated_at") VALUES (?, ?, ?, ?)[0m  [["first_name", "Loria"], ["last_name", "Rozanne"], ["created_at", "2018-10-25 14:09:00.667117"], ["updated_at", "2018-10-25 14:09:00.667117"]]
  ↳ db/seeds.rb:14
  [1m[35m (84.7ms)[0m  [1m[36mcommit transaction[0m
  ↳ db/seeds.rb:14
  [1m[35m (0.1ms)[0m  [1m[36mbegin transaction[0m
  ↳ db/seeds.rb:14
  [1m[36mPatient Create (0.3ms)[0m  [1m[32mINSERT INTO "patients" ("first_name", "last_name", "created_at", "updated_at") VALUES (?, ?, ?, ?)[0m  [["first_name", "Janessa"], ["last_name", "Sammie"], ["created_at", "2018-10-25 14:09:00.756669"], ["updated_at", "2018-10-25 14:09:00.756669"]]
  ↳ db/seeds.rb:14
  [1m[35m (84.4ms)[0m  [1m[36mcommit transaction[0m
  ↳ db/seeds.rb:14
  [1m[35m (0.1ms)[0m  [1m[36mbegin transaction[0m
  ↳ db/seeds.rb:14
  [1m[36mPatient Create (0.3ms)[0m  [1m[32mINSERT INTO "patients" ("first_name", "last_name", "created_at", "updated_at") VALUES (?, ?, ?, ?)[0m  [["first_name", "Gilberto"], ["last_name", "Debora"], ["created_at", "2018-10-25 14:09:00.844385"], ["updated_at", "2018-10-25 14:09:00.844385"]]
  ↳ db/seeds.rb:14
  [1m[35m (85.0ms)[0m  [1m[36mcommit transaction[0m
  ↳ db/seeds.rb:14
  [1m[35m (0.1ms)[0m  [1m[36mbegin transaction[0m
  ↳ db/seeds.rb:14
  [1m[36mPatient Create (0.3ms)[0m  [1m[32mINSERT INTO "patients" ("first_name", "last_name", "created_at", "updated_at") VALUES (?, ?, ?, ?)[0m  [["first_name", "Francie"], ["last_name", "Phil"], ["created_at", "2018-10-25 14:09:00.934751"], ["updated_at", "2018-10-25 14:09:00.934751"]]
  ↳ db/seeds.rb:14
  [1m[35m (83.9ms)[0m  [1m[36mcommit transaction[0m
  ↳ db/seeds.rb:14
  [1m[35m (0.1ms)[0m  [1m[36mbegin transaction[0m
  ↳ db/seeds.rb:14
  [1m[36mPatient Create (0.4ms)[0m  [1m[32mINSERT INTO "patients" ("first_name", "last_name", "created_at", "updated_at") VALUES (?, ?, ?, ?)[0m  [["first_name", "Carey"], ["last_name", "Shaquana"], ["created_at", "2018-10-25 14:09:01.022525"], ["updated_at", "2018-10-25 14:09:01.022525"]]
  ↳ db/seeds.rb:14
  [1m[35m (84.5ms)[0m  [1m[36mcommit transaction[0m
  ↳ db/seeds.rb:14
  [1m[35m (0.1ms)[0m  [1m[36mbegin transaction[0m
  ↳ db/seeds.rb:14
  [1m[36mPatient Create (0.4ms)[0m  [1m[32mINSERT INTO "patients" ("first_name", "last_name", "created_at", "updated_at") VALUES (?, ?, ?, ?)[0m  [["first_name", "Elenor"], ["last_name", "Starla"], ["created_at", "2018-10-25 14:09:01.113063"], ["updated_at", "2018-10-25 14:09:01.113063"]]
  ↳ db/seeds.rb:14
  [1m[35m (82.2ms)[0m  [1m[36mcommit transaction[0m
  ↳ db/seeds.rb:14
  [1m[35m (0.2ms)[0m  [1m[34mSELECT "schema_migrations"."version" FROM "schema_migrations" ORDER BY "schema_migrations"."version" ASC[0m
  ↳ bin/rails:9
  [1m[36mActiveRecord::InternalMetadata Load (52.0ms)[0m  [1m[34mSELECT  "ar_internal_metadata".* FROM "ar_internal_metadata" WHERE "ar_internal_metadata"."key" = ? LIMIT ?[0m  [["key", "environment"], ["LIMIT", 1]]
  ↳ bin/rails:9
  [1m[35m (0.1ms)[0m  [1m[36mbegin transaction[0m
  ↳ bin/rails:9
  [1m[35m (0.1ms)[0m  [1m[36mcommit transaction[0m
  ↳ bin/rails:9
  [1m[35m (0.2ms)[0m  [1m[34mSELECT "schema_migrations"."version" FROM "schema_migrations" ORDER BY "schema_migrations"."version" ASC[0m
  ↳ bin/rails:9
  [1m[35m (0.1ms)[0m  [1m[34mSELECT "schema_migrations"."version" FROM "schema_migrations" ORDER BY "schema_migrations"."version" ASC[0m
  ↳ bin/rails:9
  [1m[35m (0.1ms)[0m  [1m[36mbegin transaction[0m
  ↳ db/seeds.rb:14
  [1m[36mPatient Create (0.4ms)[0m  [1m[32mINSERT INTO "patients" ("first_name", "last_name", "created_at", "updated_at") VALUES (?, ?, ?, ?)[0m  [["first_name", "Nichelle"], ["last_name", "Edris"], ["created_at", "2018-10-25 14:09:59.564800"], ["updated_at", "2018-10-25 14:09:59.564800"]]
  ↳ db/seeds.rb:14
  [1m[35m (105.0ms)[0m  [1m[36mcommit transaction[0m
  ↳ db/seeds.rb:14
  [1m[35m (0.1ms)[0m  [1m[36mbegin transaction[0m
  ↳ db/seeds.rb:14
  [1m[36mPatient Create (0.4ms)[0m  [1m[32mINSERT INTO "patients" ("first_name", "last_name", "created_at", "updated_at") VALUES (?, ?, ?, ?)[0m  [["first_name", "Mozella"], ["last_name", "Simone"], ["created_at", "2018-10-25 14:09:59.672749"], ["updated_at", "2018-10-25 14:09:59.672749"]]
  ↳ db/seeds.rb:14
  [1m[35m (86.5ms)[0m  [1m[36mcommit transaction[0m
  ↳ db/seeds.rb:14
  [1m[35m (0.1ms)[0m  [1m[36mbegin transaction[0m
  ↳ db/seeds.rb:14
  [1m[36mPatient Create (0.5ms)[0m  [1m[32mINSERT INTO "patients" ("first_name", "last_name", "created_at", "updated_at") VALUES (?, ?, ?, ?)[0m  [["first_name", "Florinda"], ["last_name", "Tressa"], ["created_at", "2018-10-25 14:09:59.763519"], ["updated_at", "2018-10-25 14:09:59.763519"]]
  ↳ db/seeds.rb:14
  [1m[35m (83.0ms)[0m  [1m[36mcommit transaction[0m
  ↳ db/seeds.rb:14
  [1m[35m (0.1ms)[0m  [1m[36mbegin transaction[0m
  ↳ db/seeds.rb:14
  [1m[36mPatient Create (0.4ms)[0m  [1m[32mINSERT INTO "patients" ("first_name", "last_name", "created_at", "updated_at") VALUES (?, ?, ?, ?)[0m  [["first_name", "Elroy"], ["last_name", "Daine"], ["created_at", "2018-10-25 14:09:59.850185"], ["updated_at", "2018-10-25 14:09:59.850185"]]
  ↳ db/seeds.rb:14
  [1m[35m (85.7ms)[0m  [1m[36mcommit transaction[0m
  ↳ db/seeds.rb:14
  [1m[35m (0.1ms)[0m  [1m[36mbegin transaction[0m
  ↳ db/seeds.rb:14
  [1m[36mPatient Create (0.4ms)[0m  [1m[32mINSERT INTO "patients" ("first_name", "last_name", "created_at", "updated_at") VALUES (?, ?, ?, ?)[0m  [["first_name", "Enrique"], ["last_name", "Raul"], ["created_at", "2018-10-25 14:09:59.938704"], ["updated_at", "2018-10-25 14:09:59.938704"]]
  ↳ db/seeds.rb:14
  [1m[35m (85.8ms)[0m  [1m[36mcommit transaction[0m
  ↳ db/seeds.rb:14
  [1m[35m (0.1ms)[0m  [1m[36mbegin transaction[0m
  ↳ db/seeds.rb:14
  [1m[36mPatient Create (0.3ms)[0m  [1m[32mINSERT INTO "patients" ("first_name", "last_name", "created_at", "updated_at") VALUES (?, ?, ?, ?)[0m  [["first_name", "Clair"], ["last_name", "Rubie"], ["created_at", "2018-10-25 14:10:00.027248"], ["updated_at", "2018-10-25 14:10:00.027248"]]
  ↳ db/seeds.rb:14
  [1m[35m (86.5ms)[0m  [1m[36mcommit transaction[0m
  ↳ db/seeds.rb:14
  [1m[35m (0.1ms)[0m  [1m[36mbegin transaction[0m
  ↳ db/seeds.rb:14
  [1m[36mPatient Create (0.4ms)[0m  [1m[32mINSERT INTO "patients" ("first_name", "last_name", "created_at", "updated_at") VALUES (?, ?, ?, ?)[0m  [["first_name", "Chasidy"], ["last_name", "Georgetta"], ["created_at", "2018-10-25 14:10:00.116460"], ["updated_at", "2018-10-25 14:10:00.116460"]]
  ↳ db/seeds.rb:14
  [1m[35m (85.4ms)[0m  [1m[36mcommit transaction[0m
  ↳ db/seeds.rb:14
  [1m[35m (0.1ms)[0m  [1m[36mbegin transaction[0m
  ↳ db/seeds.rb:14
  [1m[36mPatient Create (0.3ms)[0m  [1m[32mINSERT INTO "patients" ("first_name", "last_name", "created_at", "updated_at") VALUES (?, ?, ?, ?)[0m  [["first_name", "Man"], ["last_name", "Floyd"], ["created_at", "2018-10-25 14:10:00.205169"], ["updated_at", "2018-10-25 14:10:00.205169"]]
  ↳ db/seeds.rb:14
  [1m[35m (97.0ms)[0m  [1m[36mcommit transaction[0m
  ↳ db/seeds.rb:14
  [1m[35m (0.1ms)[0m  [1m[36mbegin transaction[0m
  ↳ db/seeds.rb:14
  [1m[36mPatient Create (0.4ms)[0m  [1m[32mINSERT INTO "patients" ("first_name", "last_name", "created_at", "updated_at") VALUES (?, ?, ?, ?)[0m  [["first_name", "Earline"], ["last_name", "Emelda"], ["created_at", "2018-10-25 14:10:00.305230"], ["updated_at", "2018-10-25 14:10:00.305230"]]
  ↳ db/seeds.rb:14
  [1m[35m (85.3ms)[0m  [1m[36mcommit transaction[0m
  ↳ db/seeds.rb:14
  [1m[35m (0.1ms)[0m  [1m[36mbegin transaction[0m
  ↳ db/seeds.rb:14
  [1m[36mPatient Create (0.4ms)[0m  [1m[32mINSERT INTO "patients" ("first_name", "last_name", "created_at", "updated_at") VALUES (?, ?, ?, ?)[0m  [["first_name", "Jonas"], ["last_name", "Lael"], ["created_at", "2018-10-25 14:10:00.393856"], ["updated_at", "2018-10-25 14:10:00.393856"]]
  ↳ db/seeds.rb:14
  [1m[35m (96.5ms)[0m  [1m[36mcommit transaction[0m
  ↳ db/seeds.rb:14
  [1m[35m (0.2ms)[0m  [1m[34mSELECT "schema_migrations"."version" FROM "schema_migrations" ORDER BY "schema_migrations"."version" ASC[0m
  ↳ bin/rails:9
  [1m[35m (0.0ms)[0m  [1m[36mbegin transaction[0m
  ↳ db/seeds.rb:14
  [1m[36mPatient Create (0.3ms)[0m  [1m[32mINSERT INTO "patients" ("first_name", "last_name", "created_at", "updated_at") VALUES (?, ?, ?, ?)[0m  [["first_name", "Kenisha"], ["last_name", "Lenna"], ["created_at", "2018-10-25 14:10:58.615542"], ["updated_at", "2018-10-25 14:10:58.615542"]]
  ↳ db/seeds.rb:14
  [1m[35m (116.2ms)[0m  [1m[36mcommit transaction[0m
  ↳ db/seeds.rb:14
  [1m[35m (0.1ms)[0m  [1m[36mbegin transaction[0m
  ↳ db/seeds.rb:14
  [1m[36mPatient Create (0.3ms)[0m  [1m[32mINSERT INTO "patients" ("first_name", "last_name", "created_at", "updated_at") VALUES (?, ?, ?, ?)[0m  [["first_name", "Chong"], ["last_name", "Cristin"], ["created_at", "2018-10-25 14:10:58.734663"], ["updated_at", "2018-10-25 14:10:58.734663"]]
  ↳ db/seeds.rb:14
  [1m[35m (96.8ms)[0m  [1m[36mcommit transaction[0m
  ↳ db/seeds.rb:14
  [1m[35m (0.1ms)[0m  [1m[36mbegin transaction[0m
  ↳ db/seeds.rb:14
  [1m[36mPatient Create (0.8ms)[0m  [1m[32mINSERT INTO "patients" ("first_name", "last_name", "created_at", "updated_at") VALUES (?, ?, ?, ?)[0m  [["first_name", "Norman"], ["last_name", "Annett"], ["created_at", "2018-10-25 14:10:58.835368"], ["updated_at", "2018-10-25 14:10:58.835368"]]
  ↳ db/seeds.rb:14
  [1m[35m (84.7ms)[0m  [1m[36mcommit transaction[0m
  ↳ db/seeds.rb:14
  [1m[35m (0.1ms)[0m  [1m[36mbegin transaction[0m
  ↳ db/seeds.rb:14
  [1m[36mPatient Create (0.4ms)[0m  [1m[32mINSERT INTO "patients" ("first_name", "last_name", "created_at", "updated_at") VALUES (?, ?, ?, ?)[0m  [["first_name", "Lacy"], ["last_name", "Denese"], ["created_at", "2018-10-25 14:10:58.923962"], ["updated_at", "2018-10-25 14:10:58.923962"]]
  ↳ db/seeds.rb:14
  [1m[35m (73.6ms)[0m  [1m[36mcommit transaction[0m
  ↳ db/seeds.rb:14
  [1m[35m (0.1ms)[0m  [1m[36mbegin transaction[0m
  ↳ db/seeds.rb:14
  [1m[36mPatient Create (0.4ms)[0m  [1m[32mINSERT INTO "patients" ("first_name", "last_name", "created_at", "updated_at") VALUES (?, ?, ?, ?)[0m  [["first_name", "Willis"], ["last_name", "Tyrell"], ["created_at", "2018-10-25 14:10:59.000538"], ["updated_at", "2018-10-25 14:10:59.000538"]]
  ↳ db/seeds.rb:14
  [1m[35m (97.2ms)[0m  [1m[36mcommit transaction[0m
  ↳ db/seeds.rb:14
  [1m[35m (0.1ms)[0m  [1m[36mbegin transaction[0m
  ↳ db/seeds.rb:14
  [1m[36mPatient Create (0.3ms)[0m  [1m[32mINSERT INTO "patients" ("first_name", "last_name", "created_at", "updated_at") VALUES (?, ?, ?, ?)[0m  [["first_name", "Cierra"], ["last_name", "Celesta"], ["created_at", "2018-10-25 14:10:59.100951"], ["updated_at", "2018-10-25 14:10:59.100951"]]
  ↳ db/seeds.rb:14
  [1m[35m (96.7ms)[0m  [1m[36mcommit transaction[0m
  ↳ db/seeds.rb:14
  [1m[35m (0.1ms)[0m  [1m[36mbegin transaction[0m
  ↳ db/seeds.rb:14
  [1m[36mPatient Create (0.4ms)[0m  [1m[32mINSERT INTO "patients" ("first_name", "last_name", "created_at", "updated_at") VALUES (?, ?, ?, ?)[0m  [["first_name", "Bertram"], ["last_name", "Karmen"], ["created_at", "2018-10-25 14:10:59.200561"], ["updated_at", "2018-10-25 14:10:59.200561"]]
  ↳ db/seeds.rb:14
  [1m[35m (143.2ms)[0m  [1m[36mcommit transaction[0m
  ↳ db/seeds.rb:14
  [1m[35m (0.1ms)[0m  [1m[36mbegin transaction[0m
  ↳ db/seeds.rb:14
  [1m[36mPatient Create (0.4ms)[0m  [1m[32mINSERT INTO "patients" ("first_name", "last_name", "created_at", "updated_at") VALUES (?, ?, ?, ?)[0m  [["first_name", "Jasper"], ["last_name", "Dominique"], ["created_at", "2018-10-25 14:10:59.346990"], ["updated_at", "2018-10-25 14:10:59.346990"]]
  ↳ db/seeds.rb:14
  [1m[35m (139.0ms)[0m  [1m[36mcommit transaction[0m
  ↳ db/seeds.rb:14
  [1m[35m (0.2ms)[0m  [1m[36mbegin transaction[0m
  ↳ db/seeds.rb:14
  [1m[36mPatient Create (0.3ms)[0m  [1m[32mINSERT INTO "patients" ("first_name", "last_name", "created_at", "updated_at") VALUES (?, ?, ?, ?)[0m  [["first_name", "Abraham"], ["last_name", "Deane"], ["created_at", "2018-10-25 14:10:59.490293"], ["updated_at", "2018-10-25 14:10:59.490293"]]
  ↳ db/seeds.rb:14
  [1m[35m (96.7ms)[0m  [1m[36mcommit transaction[0m
  ↳ db/seeds.rb:14
  [1m[35m (0.1ms)[0m  [1m[36mbegin transaction[0m
  ↳ db/seeds.rb:14
  [1m[36mPatient Create (0.3ms)[0m  [1m[32mINSERT INTO "patients" ("first_name", "last_name", "created_at", "updated_at") VALUES (?, ?, ?, ?)[0m  [["first_name", "Magdalena"], ["last_name", "Angelo"], ["created_at", "2018-10-25 14:10:59.589654"], ["updated_at", "2018-10-25 14:10:59.589654"]]
  ↳ db/seeds.rb:14
  [1m[35m (85.4ms)[0m  [1m[36mcommit transaction[0m
  ↳ db/seeds.rb:14
  [1m[35m (0.2ms)[0m  [1m[36mbegin transaction[0m
  ↳ db/seeds.rb:18
  [1m[36mDoctor Create (0.4ms)[0m  [1m[32mINSERT INTO "doctors" ("first_name", "last_name", "specialty", "postal_code", "created_at", "updated_at") VALUES (?, ?, ?, ?, ?, ?)[0m  [["first_name", "Ashley"], ["last_name", "Fletcher"], ["specialty", "Cassandra"], ["postal_code", 66806], ["created_at", "2018-10-25 14:10:59.691603"], ["updated_at", "2018-10-25 14:10:59.691603"]]
  ↳ db/seeds.rb:18
  [1m[35m (59.3ms)[0m  [1m[36mcommit transaction[0m
  ↳ db/seeds.rb:18
  [1m[35m (0.2ms)[0m  [1m[36mbegin transaction[0m
  ↳ db/seeds.rb:18
  [1m[36mDoctor Create (0.7ms)[0m  [1m[32mINSERT INTO "doctors" ("first_name", "last_name", "specialty", "postal_code", "created_at", "updated_at") VALUES (?, ?, ?, ?, ?, ?)[0m  [["first_name", "Kendrick"], ["last_name", "Fermin"], ["specialty", "Kali"], ["postal_code", 33082], ["created_at", "2018-10-25 14:10:59.756997"], ["updated_at", "2018-10-25 14:10:59.756997"]]
  ↳ db/seeds.rb:18
  [1m[35m (82.3ms)[0m  [1m[36mcommit transaction[0m
  ↳ db/seeds.rb:18
  [1m[35m (0.1ms)[0m  [1m[36mbegin transaction[0m
  ↳ db/seeds.rb:18
  [1m[36mDoctor Create (0.5ms)[0m  [1m[32mINSERT INTO "doctors" ("first_name", "last_name", "specialty", "postal_code", "created_at", "updated_at") VALUES (?, ?, ?, ?, ?, ?)[0m  [["first_name", "Meghan"], ["last_name", "Sommer"], ["specialty", "Esmeralda"], ["postal_code", 65932], ["created_at", "2018-10-25 14:10:59.857907"], ["updated_at", "2018-10-25 14:10:59.857907"]]
  ↳ db/seeds.rb:18
  [1m[35m (59.2ms)[0m  [1m[36mcommit transaction[0m
  ↳ db/seeds.rb:18
  [1m[35m (0.1ms)[0m  [1m[36mbegin transaction[0m
  ↳ db/seeds.rb:18
  [1m[36mDoctor Create (0.4ms)[0m  [1m[32mINSERT INTO "doctors" ("first_name", "last_name", "specialty", "postal_code", "created_at", "updated_at") VALUES (?, ?, ?, ?, ?, ?)[0m  [["first_name", "Bethany"], ["last_name", "Dan"], ["specialty", "Eleonore"], ["postal_code", 73252], ["created_at", "2018-10-25 14:10:59.922419"], ["updated_at", "2018-10-25 14:10:59.922419"]]
  ↳ db/seeds.rb:18
  [1m[35m (86.2ms)[0m  [1m[36mcommit transaction[0m
  ↳ db/seeds.rb:18
  [1m[35m (0.1ms)[0m  [1m[36mbegin transaction[0m
  ↳ db/seeds.rb:18
  [1m[36mDoctor Create (0.4ms)[0m  [1m[32mINSERT INTO "doctors" ("first_name", "last_name", "specialty", "postal_code", "created_at", "updated_at") VALUES (?, ?, ?, ?, ?, ?)[0m  [["first_name", "Walton"], ["last_name", "Charley"], ["specialty", "Nancie"], ["postal_code", 15513], ["created_at", "2018-10-25 14:11:00.012496"], ["updated_at", "2018-10-25 14:11:00.012496"]]
  ↳ db/seeds.rb:18
  [1m[35m (85.5ms)[0m  [1m[36mcommit transaction[0m
  ↳ db/seeds.rb:18
  [1m[35m (0.1ms)[0m  [1m[36mbegin transaction[0m
  ↳ db/seeds.rb:18
  [1m[36mDoctor Create (0.5ms)[0m  [1m[32mINSERT INTO "doctors" ("first_name", "last_name", "specialty", "postal_code", "created_at", "updated_at") VALUES (?, ?, ?, ?, ?, ?)[0m  [["first_name", "Antione"], ["last_name", "Blaine"], ["specialty", "Jesenia"], ["postal_code", 79272], ["created_at", "2018-10-25 14:11:00.101511"], ["updated_at", "2018-10-25 14:11:00.101511"]]
  ↳ db/seeds.rb:18
  [1m[35m (83.3ms)[0m  [1m[36mcommit transaction[0m
  ↳ db/seeds.rb:18
  [1m[35m (0.1ms)[0m  [1m[36mbegin transaction[0m
  ↳ db/seeds.rb:18
  [1m[36mDoctor Create (0.3ms)[0m  [1m[32mINSERT INTO "doctors" ("first_name", "last_name", "specialty", "postal_code", "created_at", "updated_at") VALUES (?, ?, ?, ?, ?, ?)[0m  [["first_name", "Rory"], ["last_name", "Julia"], ["specialty", "Eveline"], ["postal_code", 55542], ["created_at", "2018-10-25 14:11:00.189458"], ["updated_at", "2018-10-25 14:11:00.189458"]]
  ↳ db/seeds.rb:18
  [1m[35m (83.0ms)[0m  [1m[36mcommit transaction[0m
  ↳ db/seeds.rb:18
  [1m[35m (0.1ms)[0m  [1m[36mbegin transaction[0m
  ↳ db/seeds.rb:18
  [1m[36mDoctor Create (0.3ms)[0m  [1m[32mINSERT INTO "doctors" ("first_name", "last_name", "specialty", "postal_code", "created_at", "updated_at") VALUES (?, ?, ?, ?, ?, ?)[0m  [["first_name", "Mathew"], ["last_name", "Antonio"], ["specialty", "Aracelis"], ["postal_code", 29529], ["created_at", "2018-10-25 14:11:00.277693"], ["updated_at", "2018-10-25 14:11:00.277693"]]
  ↳ db/seeds.rb:18
  [1m[35m (85.7ms)[0m  [1m[36mcommit transaction[0m
  ↳ db/seeds.rb:18
  [1m[35m (0.1ms)[0m  [1m[36mbegin transaction[0m
  ↳ db/seeds.rb:18
  [1m[36mDoctor Create (0.3ms)[0m  [1m[32mINSERT INTO "doctors" ("first_name", "last_name", "specialty", "postal_code", "created_at", "updated_at") VALUES (?, ?, ?, ?, ?, ?)[0m  [["first_name", "Tressie"], ["last_name", "Adan"], ["specialty", "Vernon"], ["postal_code", 70710], ["created_at", "2018-10-25 14:11:00.366276"], ["updated_at", "2018-10-25 14:11:00.366276"]]
  ↳ db/seeds.rb:18
  [1m[35m (85.6ms)[0m  [1m[36mcommit transaction[0m
  ↳ db/seeds.rb:18
  [1m[35m (0.1ms)[0m  [1m[36mbegin transaction[0m
  ↳ db/seeds.rb:18
  [1m[36mDoctor Create (0.3ms)[0m  [1m[32mINSERT INTO "doctors" ("first_name", "last_name", "specialty", "postal_code", "created_at", "updated_at") VALUES (?, ?, ?, ?, ?, ?)[0m  [["first_name", "Tiffani"], ["last_name", "Lina"], ["specialty", "Jade"], ["postal_code", 92402], ["created_at", "2018-10-25 14:11:00.454962"], ["updated_at", "2018-10-25 14:11:00.454962"]]
  ↳ db/seeds.rb:18
  [1m[35m (84.1ms)[0m  [1m[36mcommit transaction[0m
  ↳ db/seeds.rb:18
  [1m[35m (0.1ms)[0m  [1m[34mSELECT "schema_migrations"."version" FROM "schema_migrations" ORDER BY "schema_migrations"."version" ASC[0m
  ↳ bin/rails:9
  [1m[35m (0.1ms)[0m  [1m[36mbegin transaction[0m
  ↳ db/seeds.rb:14
  [1m[36mPatient Create (0.3ms)[0m  [1m[32mINSERT INTO "patients" ("first_name", "last_name", "created_at", "updated_at") VALUES (?, ?, ?, ?)[0m  [["first_name", "Sonja"], ["last_name", "Misti"], ["created_at", "2018-10-25 14:11:44.820102"], ["updated_at", "2018-10-25 14:11:44.820102"]]
  ↳ db/seeds.rb:14
  [1m[35m (138.5ms)[0m  [1m[36mcommit transaction[0m
  ↳ db/seeds.rb:14
  [1m[35m (0.1ms)[0m  [1m[36mbegin transaction[0m
  ↳ db/seeds.rb:14
  [1m[36mPatient Create (0.4ms)[0m  [1m[32mINSERT INTO "patients" ("first_name", "last_name", "created_at", "updated_at") VALUES (?, ?, ?, ?)[0m  [["first_name", "Glenn"], ["last_name", "Shondra"], ["created_at", "2018-10-25 14:11:44.961533"], ["updated_at", "2018-10-25 14:11:44.961533"]]
  ↳ db/seeds.rb:14
  [1m[35m (96.2ms)[0m  [1m[36mcommit transaction[0m
  ↳ db/seeds.rb:14
  [1m[35m (0.1ms)[0m  [1m[36mbegin transaction[0m
  ↳ db/seeds.rb:14
  [1m[36mPatient Create (0.3ms)[0m  [1m[32mINSERT INTO "patients" ("first_name", "last_name", "created_at", "updated_at") VALUES (?, ?, ?, ?)[0m  [["first_name", "Antony"], ["last_name", "Melisa"], ["created_at", "2018-10-25 14:11:45.061017"], ["updated_at", "2018-10-25 14:11:45.061017"]]
  ↳ db/seeds.rb:14
  [1m[35m (93.8ms)[0m  [1m[36mcommit transaction[0m
  ↳ db/seeds.rb:14
  [1m[35m (0.1ms)[0m  [1m[36mbegin transaction[0m
  ↳ db/seeds.rb:14
  [1m[36mPatient Create (0.4ms)[0m  [1m[32mINSERT INTO "patients" ("first_name", "last_name", "created_at", "updated_at") VALUES (?, ?, ?, ?)[0m  [["first_name", "Oneida"], ["last_name", "Valeria"], ["created_at", "2018-10-25 14:11:45.162213"], ["updated_at", "2018-10-25 14:11:45.162213"]]
  ↳ db/seeds.rb:14
  [1m[35m (96.3ms)[0m  [1m[36mcommit transaction[0m
  ↳ db/seeds.rb:14
  [1m[35m (0.1ms)[0m  [1m[36mbegin transaction[0m
  ↳ db/seeds.rb:14
  [1m[36mPatient Create (0.4ms)[0m  [1m[32mINSERT INTO "patients" ("first_name", "last_name", "created_at", "updated_at") VALUES (?, ?, ?, ?)[0m  [["first_name", "Eryn"], ["last_name", "Valorie"], ["created_at", "2018-10-25 14:11:45.262973"], ["updated_at", "2018-10-25 14:11:45.262973"]]
  ↳ db/seeds.rb:14
  [1m[35m (83.4ms)[0m  [1m[36mcommit transaction[0m
  ↳ db/seeds.rb:14
  [1m[35m (0.1ms)[0m  [1m[36mbegin transaction[0m
  ↳ db/seeds.rb:14
  [1m[36mPatient Create (0.6ms)[0m  [1m[32mINSERT INTO "patients" ("first_name", "last_name", "created_at", "updated_at") VALUES (?, ?, ?, ?)[0m  [["first_name", "Lucia"], ["last_name", "Joye"], ["created_at", "2018-10-25 14:11:45.351176"], ["updated_at", "2018-10-25 14:11:45.351176"]]
  ↳ db/seeds.rb:14
  [1m[35m (84.4ms)[0m  [1m[36mcommit transaction[0m
  ↳ db/seeds.rb:14
  [1m[35m (0.1ms)[0m  [1m[36mbegin transaction[0m
  ↳ db/seeds.rb:14
  [1m[36mPatient Create (0.4ms)[0m  [1m[32mINSERT INTO "patients" ("first_name", "last_name", "created_at", "updated_at") VALUES (?, ?, ?, ?)[0m  [["first_name", "Roscoe"], ["last_name", "Sirena"], ["created_at", "2018-10-25 14:11:45.440066"], ["updated_at", "2018-10-25 14:11:45.440066"]]
  ↳ db/seeds.rb:14
  [1m[35m (94.1ms)[0m  [1m[36mcommit transaction[0m
  ↳ db/seeds.rb:14
  [1m[35m (0.1ms)[0m  [1m[36mbegin transaction[0m
  ↳ db/seeds.rb:14
  [1m[36mPatient Create (0.3ms)[0m  [1m[32mINSERT INTO "patients" ("first_name", "last_name", "created_at", "updated_at") VALUES (?, ?, ?, ?)[0m  [["first_name", "Hyacinth"], ["last_name", "Kristopher"], ["created_at", "2018-10-25 14:11:45.540473"], ["updated_at", "2018-10-25 14:11:45.540473"]]
  ↳ db/seeds.rb:14
  [1m[35m (83.1ms)[0m  [1m[36mcommit transaction[0m
  ↳ db/seeds.rb:14
  [1m[35m (0.1ms)[0m  [1m[36mbegin transaction[0m
  ↳ db/seeds.rb:14
  [1m[36mPatient Create (0.3ms)[0m  [1m[32mINSERT INTO "patients" ("first_name", "last_name", "created_at", "updated_at") VALUES (?, ?, ?, ?)[0m  [["first_name", "Christine"], ["last_name", "Leena"], ["created_at", "2018-10-25 14:11:45.629076"], ["updated_at", "2018-10-25 14:11:45.629076"]]
  ↳ db/seeds.rb:14
  [1m[35m (84.3ms)[0m  [1m[36mcommit transaction[0m
  ↳ db/seeds.rb:14
  [1m[35m (0.1ms)[0m  [1m[36mbegin transaction[0m
  ↳ db/seeds.rb:14
  [1m[36mPatient Create (0.5ms)[0m  [1m[32mINSERT INTO "patients" ("first_name", "last_name", "created_at", "updated_at") VALUES (?, ?, ?, ?)[0m  [["first_name", "Kenia"], ["last_name", "Rebbecca"], ["created_at", "2018-10-25 14:11:45.718693"], ["updated_at", "2018-10-25 14:11:45.718693"]]
  ↳ db/seeds.rb:14
  [1m[35m (82.3ms)[0m  [1m[36mcommit transaction[0m
  ↳ db/seeds.rb:14
  [1m[35m (0.1ms)[0m  [1m[36mbegin transaction[0m
  ↳ db/seeds.rb:18
  [1m[36mDoctor Create (0.3ms)[0m  [1m[32mINSERT INTO "doctors" ("first_name", "last_name", "specialty", "postal_code", "created_at", "updated_at") VALUES (?, ?, ?, ?, ?, ?)[0m  [["first_name", "Holli"], ["last_name", "Olga"], ["specialty", "Reyes"], ["postal_code", 18831], ["created_at", "2018-10-25 14:11:45.819528"], ["updated_at", "2018-10-25 14:11:45.819528"]]
  ↳ db/seeds.rb:18
  [1m[35m (80.8ms)[0m  [1m[36mcommit transaction[0m
  ↳ db/seeds.rb:18
  [1m[35m (0.1ms)[0m  [1m[36mbegin transaction[0m
  ↳ db/seeds.rb:18
  [1m[36mDoctor Create (0.5ms)[0m  [1m[32mINSERT INTO "doctors" ("first_name", "last_name", "specialty", "postal_code", "created_at", "updated_at") VALUES (?, ?, ?, ?, ?, ?)[0m  [["first_name", "Blake"], ["last_name", "Virgie"], ["specialty", "Jacelyn"], ["postal_code", 4693], ["created_at", "2018-10-25 14:11:45.906898"], ["updated_at", "2018-10-25 14:11:45.906898"]]
  ↳ db/seeds.rb:18
  [1m[35m (83.2ms)[0m  [1m[36mcommit transaction[0m
  ↳ db/seeds.rb:18
  [1m[35m (0.1ms)[0m  [1m[36mbegin transaction[0m
  ↳ db/seeds.rb:18
  [1m[36mDoctor Create (0.5ms)[0m  [1m[32mINSERT INTO "doctors" ("first_name", "last_name", "specialty", "postal_code", "created_at", "updated_at") VALUES (?, ?, ?, ?, ?, ?)[0m  [["first_name", "Matt"], ["last_name", "Emelina"], ["specialty", "Barbie"], ["postal_code", 13886], ["created_at", "2018-10-25 14:11:45.994550"], ["updated_at", "2018-10-25 14:11:45.994550"]]
  ↳ db/seeds.rb:18
  [1m[35m (83.2ms)[0m  [1m[36mcommit transaction[0m
  ↳ db/seeds.rb:18
  [1m[35m (0.1ms)[0m  [1m[36mbegin transaction[0m
  ↳ db/seeds.rb:18
  [1m[36mDoctor Create (0.4ms)[0m  [1m[32mINSERT INTO "doctors" ("first_name", "last_name", "specialty", "postal_code", "created_at", "updated_at") VALUES (?, ?, ?, ?, ?, ?)[0m  [["first_name", "Lakisha"], ["last_name", "Adeline"], ["specialty", "Joslyn"], ["postal_code", 95113], ["created_at", "2018-10-25 14:11:46.083064"], ["updated_at", "2018-10-25 14:11:46.083064"]]
  ↳ db/seeds.rb:18
  [1m[35m (74.4ms)[0m  [1m[36mcommit transaction[0m
  ↳ db/seeds.rb:18
  [1m[35m (0.1ms)[0m  [1m[36mbegin transaction[0m
  ↳ db/seeds.rb:18
  [1m[36mDoctor Create (0.5ms)[0m  [1m[32mINSERT INTO "doctors" ("first_name", "last_name", "specialty", "postal_code", "created_at", "updated_at") VALUES (?, ?, ?, ?, ?, ?)[0m  [["first_name", "Leon"], ["last_name", "Terrell"], ["specialty", "Sharyn"], ["postal_code", 58444], ["created_at", "2018-10-25 14:11:46.162014"], ["updated_at", "2018-10-25 14:11:46.162014"]]
  ↳ db/seeds.rb:18
  [1m[35m (93.9ms)[0m  [1m[36mcommit transaction[0m
  ↳ db/seeds.rb:18
  [1m[35m (0.1ms)[0m  [1m[36mbegin transaction[0m
  ↳ db/seeds.rb:18
  [1m[36mDoctor Create (0.6ms)[0m  [1m[32mINSERT INTO "doctors" ("first_name", "last_name", "specialty", "postal_code", "created_at", "updated_at") VALUES (?, ?, ?, ?, ?, ?)[0m  [["first_name", "Leo"], ["last_name", "Katelynn"], ["specialty", "Clifton"], ["postal_code", 40921], ["created_at", "2018-10-25 14:11:46.260684"], ["updated_at", "2018-10-25 14:11:46.260684"]]
  ↳ db/seeds.rb:18
  [1m[35m (93.5ms)[0m  [1m[36mcommit transaction[0m
  ↳ db/seeds.rb:18
  [1m[35m (0.1ms)[0m  [1m[36mbegin transaction[0m
  ↳ db/seeds.rb:18
  [1m[36mDoctor Create (0.8ms)[0m  [1m[32mINSERT INTO "doctors" ("first_name", "last_name", "specialty", "postal_code", "created_at", "updated_at") VALUES (?, ?, ?, ?, ?, ?)[0m  [["first_name", "Karissa"], ["last_name", "Lucina"], ["specialty", "Lawanna"], ["postal_code", 63523], ["created_at", "2018-10-25 14:11:46.360519"], ["updated_at", "2018-10-25 14:11:46.360519"]]
  ↳ db/seeds.rb:18
  [1m[35m (94.0ms)[0m  [1m[36mcommit transaction[0m
  ↳ db/seeds.rb:18
  [1m[35m (0.1ms)[0m  [1m[36mbegin transaction[0m
  ↳ db/seeds.rb:18
  [1m[36mDoctor Create (0.3ms)[0m  [1m[32mINSERT INTO "doctors" ("first_name", "last_name", "specialty", "postal_code", "created_at", "updated_at") VALUES (?, ?, ?, ?, ?, ?)[0m  [["first_name", "Emerson"], ["last_name", "Sari"], ["specialty", "Caprice"], ["postal_code", 78570], ["created_at", "2018-10-25 14:11:46.461648"], ["updated_at", "2018-10-25 14:11:46.461648"]]
  ↳ db/seeds.rb:18
  [1m[35m (93.4ms)[0m  [1m[36mcommit transaction[0m
  ↳ db/seeds.rb:18
  [1m[35m (0.1ms)[0m  [1m[36mbegin transaction[0m
  ↳ db/seeds.rb:18
  [1m[36mDoctor Create (0.7ms)[0m  [1m[32mINSERT INTO "doctors" ("first_name", "last_name", "specialty", "postal_code", "created_at", "updated_at") VALUES (?, ?, ?, ?, ?, ?)[0m  [["first_name", "Tad"], ["last_name", "Suzan"], ["specialty", "Margret"], ["postal_code", 85991], ["created_at", "2018-10-25 14:11:46.559709"], ["updated_at", "2018-10-25 14:11:46.559709"]]
  ↳ db/seeds.rb:18
  [1m[35m (72.2ms)[0m  [1m[36mcommit transaction[0m
  ↳ db/seeds.rb:18
  [1m[35m (0.2ms)[0m  [1m[36mbegin transaction[0m
  ↳ db/seeds.rb:18
  [1m[36mDoctor Create (0.4ms)[0m  [1m[32mINSERT INTO "doctors" ("first_name", "last_name", "specialty", "postal_code", "created_at", "updated_at") VALUES (?, ?, ?, ?, ?, ?)[0m  [["first_name", "Willis"], ["last_name", "Gayle"], ["specialty", "Danika"], ["postal_code", 60184], ["created_at", "2018-10-25 14:11:46.638855"], ["updated_at", "2018-10-25 14:11:46.638855"]]
  ↳ db/seeds.rb:18
  [1m[35m (95.9ms)[0m  [1m[36mcommit transaction[0m
  ↳ db/seeds.rb:18
  [1m[35m (0.1ms)[0m  [1m[34mSELECT "schema_migrations"."version" FROM "schema_migrations" ORDER BY "schema_migrations"."version" ASC[0m
  ↳ bin/rails:9
  [1m[35m (0.1ms)[0m  [1m[36mbegin transaction[0m
  ↳ db/seeds.rb:14
  [1m[36mPatient Create (0.4ms)[0m  [1m[32mINSERT INTO "patients" ("first_name", "last_name", "created_at", "updated_at") VALUES (?, ?, ?, ?)[0m  [["first_name", "Lanie"], ["last_name", "Carman"], ["created_at", "2018-10-25 14:12:34.230233"], ["updated_at", "2018-10-25 14:12:34.230233"]]
  ↳ db/seeds.rb:14
  [1m[35m (160.9ms)[0m  [1m[36mcommit transaction[0m
  ↳ db/seeds.rb:14
  [1m[35m (0.1ms)[0m  [1m[36mbegin transaction[0m
  ↳ db/seeds.rb:14
  [1m[36mPatient Create (0.4ms)[0m  [1m[32mINSERT INTO "patients" ("first_name", "last_name", "created_at", "updated_at") VALUES (?, ?, ?, ?)[0m  [["first_name", "Cordie"], ["last_name", "Jed"], ["created_at", "2018-10-25 14:12:34.394682"], ["updated_at", "2018-10-25 14:12:34.394682"]]
  ↳ db/seeds.rb:14
  [1m[35m (96.6ms)[0m  [1m[36mcommit transaction[0m
  ↳ db/seeds.rb:14
  [1m[35m (0.1ms)[0m  [1m[36mbegin transaction[0m
  ↳ db/seeds.rb:14
  [1m[36mPatient Create (0.4ms)[0m  [1m[32mINSERT INTO "patients" ("first_name", "last_name", "created_at", "updated_at") VALUES (?, ?, ?, ?)[0m  [["first_name", "Tristan"], ["last_name", "Kasha"], ["created_at", "2018-10-25 14:12:34.494477"], ["updated_at", "2018-10-25 14:12:34.494477"]]
  ↳ db/seeds.rb:14
  [1m[35m (96.4ms)[0m  [1m[36mcommit transaction[0m
  ↳ db/seeds.rb:14
  [1m[35m (0.1ms)[0m  [1m[36mbegin transaction[0m
  ↳ db/seeds.rb:14
  [1m[36mPatient Create (0.4ms)[0m  [1m[32mINSERT INTO "patients" ("first_name", "last_name", "created_at", "updated_at") VALUES (?, ?, ?, ?)[0m  [["first_name", "Alethia"], ["last_name", "Mahalia"], ["created_at", "2018-10-25 14:12:34.593966"], ["updated_at", "2018-10-25 14:12:34.593966"]]
  ↳ db/seeds.rb:14
  [1m[35m (96.7ms)[0m  [1m[36mcommit transaction[0m
  ↳ db/seeds.rb:14
  [1m[35m (0.1ms)[0m  [1m[36mbegin transaction[0m
  ↳ db/seeds.rb:14
  [1m[36mPatient Create (0.4ms)[0m  [1m[32mINSERT INTO "patients" ("first_name", "last_name", "created_at", "updated_at") VALUES (?, ?, ?, ?)[0m  [["first_name", "Maritza"], ["last_name", "Ingrid"], ["created_at", "2018-10-25 14:12:34.693493"], ["updated_at", "2018-10-25 14:12:34.693493"]]
  ↳ db/seeds.rb:14
  [1m[35m (96.8ms)[0m  [1m[36mcommit transaction[0m
  ↳ db/seeds.rb:14
  [1m[35m (0.1ms)[0m  [1m[36mbegin transaction[0m
  ↳ db/seeds.rb:14
  [1m[36mPatient Create (0.4ms)[0m  [1m[32mINSERT INTO "patients" ("first_name", "last_name", "created_at", "updated_at") VALUES (?, ?, ?, ?)[0m  [["first_name", "Jeanetta"], ["last_name", "Jacque"], ["created_at", "2018-10-25 14:12:34.793295"], ["updated_at", "2018-10-25 14:12:34.793295"]]
  ↳ db/seeds.rb:14
  [1m[35m (157.5ms)[0m  [1m[36mcommit transaction[0m
  ↳ db/seeds.rb:14
  [1m[35m (0.1ms)[0m  [1m[36mbegin transaction[0m
  ↳ db/seeds.rb:14
  [1m[36mPatient Create (0.4ms)[0m  [1m[32mINSERT INTO "patients" ("first_name", "last_name", "created_at", "updated_at") VALUES (?, ?, ?, ?)[0m  [["first_name", "Gayle"], ["last_name", "Tatyana"], ["created_at", "2018-10-25 14:12:34.954075"], ["updated_at", "2018-10-25 14:12:34.954075"]]
  ↳ db/seeds.rb:14
  [1m[35m (102.3ms)[0m  [1m[36mcommit transaction[0m
  ↳ db/seeds.rb:14
  [1m[35m (0.1ms)[0m  [1m[36mbegin transaction[0m
  ↳ db/seeds.rb:14
  [1m[36mPatient Create (0.4ms)[0m  [1m[32mINSERT INTO "patients" ("first_name", "last_name", "created_at", "updated_at") VALUES (?, ?, ?, ?)[0m  [["first_name", "Mika"], ["last_name", "Merle"], ["created_at", "2018-10-25 14:12:35.059434"], ["updated_at", "2018-10-25 14:12:35.059434"]]
  ↳ db/seeds.rb:14
  [1m[35m (96.8ms)[0m  [1m[36mcommit transaction[0m
  ↳ db/seeds.rb:14
  [1m[35m (0.1ms)[0m  [1m[36mbegin transaction[0m
  ↳ db/seeds.rb:14
  [1m[36mPatient Create (0.4ms)[0m  [1m[32mINSERT INTO "patients" ("first_name", "last_name", "created_at", "updated_at") VALUES (?, ?, ?, ?)[0m  [["first_name", "May"], ["last_name", "Joline"], ["created_at", "2018-10-25 14:12:35.158915"], ["updated_at", "2018-10-25 14:12:35.158915"]]
  ↳ db/seeds.rb:14
  [1m[35m (108.4ms)[0m  [1m[36mcommit transaction[0m
  ↳ db/seeds.rb:14
  [1m[35m (0.1ms)[0m  [1m[36mbegin transaction[0m
  ↳ db/seeds.rb:14
  [1m[36mPatient Create (0.6ms)[0m  [1m[32mINSERT INTO "patients" ("first_name", "last_name", "created_at", "updated_at") VALUES (?, ?, ?, ?)[0m  [["first_name", "Erwin"], ["last_name", "Wilmer"], ["created_at", "2018-10-25 14:12:35.270468"], ["updated_at", "2018-10-25 14:12:35.270468"]]
  ↳ db/seeds.rb:14
  [1m[35m (107.0ms)[0m  [1m[36mcommit transaction[0m
  ↳ db/seeds.rb:14
  [1m[35m (0.2ms)[0m  [1m[34mSELECT "schema_migrations"."version" FROM "schema_migrations" ORDER BY "schema_migrations"."version" ASC[0m
  ↳ bin/rails:9
  [1m[35m (0.1ms)[0m  [1m[36mbegin transaction[0m
  ↳ db/seeds.rb:14
  [1m[36mPatient Create (0.4ms)[0m  [1m[32mINSERT INTO "patients" ("first_name", "last_name", "created_at", "updated_at") VALUES (?, ?, ?, ?)[0m  [["first_name", "Annabell"], ["last_name", "Louis"], ["created_at", "2018-10-25 14:13:14.694621"], ["updated_at", "2018-10-25 14:13:14.694621"]]
  ↳ db/seeds.rb:14
  [1m[35m (121.1ms)[0m  [1m[36mcommit transaction[0m
  ↳ db/seeds.rb:14
  [1m[35m (0.1ms)[0m  [1m[36mbegin transaction[0m
  ↳ db/seeds.rb:14
  [1m[36mPatient Create (0.4ms)[0m  [1m[32mINSERT INTO "patients" ("first_name", "last_name", "created_at", "updated_at") VALUES (?, ?, ?, ?)[0m  [["first_name", "Ha"], ["last_name", "Lu"], ["created_at", "2018-10-25 14:13:14.819389"], ["updated_at", "2018-10-25 14:13:14.819389"]]
  ↳ db/seeds.rb:14
  [1m[35m (85.0ms)[0m  [1m[36mcommit transaction[0m
  ↳ db/seeds.rb:14
  [1m[35m (0.1ms)[0m  [1m[36mbegin transaction[0m
  ↳ db/seeds.rb:14
  [1m[36mPatient Create (0.3ms)[0m  [1m[32mINSERT INTO "patients" ("first_name", "last_name", "created_at", "updated_at") VALUES (?, ?, ?, ?)[0m  [["first_name", "Robbie"], ["last_name", "Vince"], ["created_at", "2018-10-25 14:13:14.907443"], ["updated_at", "2018-10-25 14:13:14.907443"]]
  ↳ db/seeds.rb:14
  [1m[35m (97.0ms)[0m  [1m[36mcommit transaction[0m
  ↳ db/seeds.rb:14
  [1m[35m (0.1ms)[0m  [1m[36mbegin transaction[0m
  ↳ db/seeds.rb:14
  [1m[36mPatient Create (0.4ms)[0m  [1m[32mINSERT INTO "patients" ("first_name", "last_name", "created_at", "updated_at") VALUES (?, ?, ?, ?)[0m  [["first_name", "Holley"], ["last_name", "Raymond"], ["created_at", "2018-10-25 14:13:15.007440"], ["updated_at", "2018-10-25 14:13:15.007440"]]
  ↳ db/seeds.rb:14
  [1m[35m (96.6ms)[0m  [1m[36mcommit transaction[0m
  ↳ db/seeds.rb:14
  [1m[35m (0.1ms)[0m  [1m[36mbegin transaction[0m
  ↳ db/seeds.rb:14
  [1m[36mPatient Create (0.4ms)[0m  [1m[32mINSERT INTO "patients" ("first_name", "last_name", "created_at", "updated_at") VALUES (?, ?, ?, ?)[0m  [["first_name", "Jaymie"], ["last_name", "Liz"], ["created_at", "2018-10-25 14:13:15.107201"], ["updated_at", "2018-10-25 14:13:15.107201"]]
  ↳ db/seeds.rb:14
  [1m[35m (96.7ms)[0m  [1m[36mcommit transaction[0m
  ↳ db/seeds.rb:14
  [1m[35m (0.1ms)[0m  [1m[36mbegin transaction[0m
  ↳ db/seeds.rb:14
  [1m[36mPatient Create (0.4ms)[0m  [1m[32mINSERT INTO "patients" ("first_name", "last_name", "created_at", "updated_at") VALUES (?, ?, ?, ?)[0m  [["first_name", "Tammie"], ["last_name", "Genna"], ["created_at", "2018-10-25 14:13:15.206620"], ["updated_at", "2018-10-25 14:13:15.206620"]]
  ↳ db/seeds.rb:14
  [1m[35m (97.0ms)[0m  [1m[36mcommit transaction[0m
  ↳ db/seeds.rb:14
  [1m[35m (0.1ms)[0m  [1m[36mbegin transaction[0m
  ↳ db/seeds.rb:14
  [1m[36mPatient Create (0.3ms)[0m  [1m[32mINSERT INTO "patients" ("first_name", "last_name", "created_at", "updated_at") VALUES (?, ?, ?, ?)[0m  [["first_name", "Rutha"], ["last_name", "Carmelita"], ["created_at", "2018-10-25 14:13:15.306975"], ["updated_at", "2018-10-25 14:13:15.306975"]]
  ↳ db/seeds.rb:14
  [1m[35m (97.0ms)[0m  [1m[36mcommit transaction[0m
  ↳ db/seeds.rb:14
  [1m[35m (0.1ms)[0m  [1m[36mbegin transaction[0m
  ↳ db/seeds.rb:14
  [1m[36mPatient Create (0.3ms)[0m  [1m[32mINSERT INTO "patients" ("first_name", "last_name", "created_at", "updated_at") VALUES (?, ?, ?, ?)[0m  [["first_name", "Angelika"], ["last_name", "Danica"], ["created_at", "2018-10-25 14:13:15.407221"], ["updated_at", "2018-10-25 14:13:15.407221"]]
  ↳ db/seeds.rb:14
  [1m[35m (96.7ms)[0m  [1m[36mcommit transaction[0m
  ↳ db/seeds.rb:14
  [1m[35m (0.1ms)[0m  [1m[36mbegin transaction[0m
  ↳ db/seeds.rb:14
  [1m[36mPatient Create (0.4ms)[0m  [1m[32mINSERT INTO "patients" ("first_name", "last_name", "created_at", "updated_at") VALUES (?, ?, ?, ?)[0m  [["first_name", "Garnett"], ["last_name", "Oralee"], ["created_at", "2018-10-25 14:13:15.506858"], ["updated_at", "2018-10-25 14:13:15.506858"]]
  ↳ db/seeds.rb:14
  [1m[35m (96.5ms)[0m  [1m[36mcommit transaction[0m
  ↳ db/seeds.rb:14
  [1m[35m (0.1ms)[0m  [1m[36mbegin transaction[0m
  ↳ db/seeds.rb:14
  [1m[36mPatient Create (0.3ms)[0m  [1m[32mINSERT INTO "patients" ("first_name", "last_name", "created_at", "updated_at") VALUES (?, ?, ?, ?)[0m  [["first_name", "Dortha"], ["last_name", "Eddie"], ["created_at", "2018-10-25 14:13:15.606455"], ["updated_at", "2018-10-25 14:13:15.606455"]]
  ↳ db/seeds.rb:14
  [1m[35m (74.8ms)[0m  [1m[36mcommit transaction[0m
  ↳ db/seeds.rb:14
  [1m[35m (0.1ms)[0m  [1m[36mbegin transaction[0m
  ↳ db/seeds.rb:19
  [1m[36mDoctor Create (0.4ms)[0m  [1m[32mINSERT INTO "doctors" ("first_name", "last_name", "specialty", "postal_code", "created_at", "updated_at") VALUES (?, ?, ?, ?, ?, ?)[0m  [["first_name", "Bree"], ["last_name", "Taryn"], ["specialty", "Thora"], ["postal_code", 82945], ["created_at", "2018-10-25 14:13:15.702347"], ["updated_at", "2018-10-25 14:13:15.702347"]]
  ↳ db/seeds.rb:19
  [1m[35m (58.2ms)[0m  [1m[36mcommit transaction[0m
  ↳ db/seeds.rb:19
  [1m[35m (0.1ms)[0m  [1m[36mbegin transaction[0m
  ↳ db/seeds.rb:19
  [1m[36mDoctor Create (0.4ms)[0m  [1m[32mINSERT INTO "doctors" ("first_name", "last_name", "specialty", "postal_code", "created_at", "updated_at") VALUES (?, ?, ?, ?, ?, ?)[0m  [["first_name", "Edra"], ["last_name", "Mina"], ["specialty", "Doreen"], ["postal_code", 55491], ["created_at", "2018-10-25 14:13:15.765896"], ["updated_at", "2018-10-25 14:13:15.765896"]]
  ↳ db/seeds.rb:19
  [1m[35m (81.2ms)[0m  [1m[36mcommit transaction[0m
  ↳ db/seeds.rb:19
  [1m[35m (0.1ms)[0m  [1m[36mbegin transaction[0m
  ↳ db/seeds.rb:19
  [1m[36mDoctor Create (0.6ms)[0m  [1m[32mINSERT INTO "doctors" ("first_name", "last_name", "specialty", "postal_code", "created_at", "updated_at") VALUES (?, ?, ?, ?, ?, ?)[0m  [["first_name", "Fred"], ["last_name", "Hildred"], ["specialty", "Erin"], ["postal_code", 60418], ["created_at", "2018-10-25 14:13:15.864069"], ["updated_at", "2018-10-25 14:13:15.864069"]]
  ↳ db/seeds.rb:19
  [1m[35m (85.0ms)[0m  [1m[36mcommit transaction[0m
  ↳ db/seeds.rb:19
  [1m[35m (0.1ms)[0m  [1m[36mbegin transaction[0m
  ↳ db/seeds.rb:19
  [1m[36mDoctor Create (0.6ms)[0m  [1m[32mINSERT INTO "doctors" ("first_name", "last_name", "specialty", "postal_code", "created_at", "updated_at") VALUES (?, ?, ?, ?, ?, ?)[0m  [["first_name", "Alaine"], ["last_name", "Donnie"], ["specialty", "Damion"], ["postal_code", 69581], ["created_at", "2018-10-25 14:13:15.956090"], ["updated_at", "2018-10-25 14:13:15.956090"]]
  ↳ db/seeds.rb:19
  [1m[35m (80.9ms)[0m  [1m[36mcommit transaction[0m
  ↳ db/seeds.rb:19
  [1m[35m (0.2ms)[0m  [1m[36mbegin transaction[0m
  ↳ db/seeds.rb:19
  [1m[36mDoctor Create (0.6ms)[0m  [1m[32mINSERT INTO "doctors" ("first_name", "last_name", "specialty", "postal_code", "created_at", "updated_at") VALUES (?, ?, ?, ?, ?, ?)[0m  [["first_name", "Almeda"], ["last_name", "Michelle"], ["specialty", "Lauralee"], ["postal_code", 21975], ["created_at", "2018-10-25 14:13:16.043389"], ["updated_at", "2018-10-25 14:13:16.043389"]]
  ↳ db/seeds.rb:19
  [1m[35m (79.8ms)[0m  [1m[36mcommit transaction[0m
  ↳ db/seeds.rb:19
  [1m[35m (0.1ms)[0m  [1m[36mbegin transaction[0m
  ↳ db/seeds.rb:19
  [1m[36mDoctor Create (0.6ms)[0m  [1m[32mINSERT INTO "doctors" ("first_name", "last_name", "specialty", "postal_code", "created_at", "updated_at") VALUES (?, ?, ?, ?, ?, ?)[0m  [["first_name", "Jayson"], ["last_name", "Dave"], ["specialty", "Keeley"], ["postal_code", 15996], ["created_at", "2018-10-25 14:13:16.129274"], ["updated_at", "2018-10-25 14:13:16.129274"]]
  ↳ db/seeds.rb:19
  [1m[35m (94.7ms)[0m  [1m[36mcommit transaction[0m
  ↳ db/seeds.rb:19
  [1m[35m (0.1ms)[0m  [1m[36mbegin transaction[0m
  ↳ db/seeds.rb:19
  [1m[36mDoctor Create (0.4ms)[0m  [1m[32mINSERT INTO "doctors" ("first_name", "last_name", "specialty", "postal_code", "created_at", "updated_at") VALUES (?, ?, ?, ?, ?, ?)[0m  [["first_name", "Miquel"], ["last_name", "Lavinia"], ["specialty", "Dewey"], ["postal_code", 48748], ["created_at", "2018-10-25 14:13:16.229356"], ["updated_at", "2018-10-25 14:13:16.229356"]]
  ↳ db/seeds.rb:19
  [1m[35m (83.0ms)[0m  [1m[36mcommit transaction[0m
  ↳ db/seeds.rb:19
  [1m[35m (0.1ms)[0m  [1m[36mbegin transaction[0m
  ↳ db/seeds.rb:19
  [1m[36mDoctor Create (0.4ms)[0m  [1m[32mINSERT INTO "doctors" ("first_name", "last_name", "specialty", "postal_code", "created_at", "updated_at") VALUES (?, ?, ?, ?, ?, ?)[0m  [["first_name", "Doretha"], ["last_name", "Lola"], ["specialty", "Margarite"], ["postal_code", 47944], ["created_at", "2018-10-25 14:13:16.317684"], ["updated_at", "2018-10-25 14:13:16.317684"]]
  ↳ db/seeds.rb:19
  [1m[35m (96.5ms)[0m  [1m[36mcommit transaction[0m
  ↳ db/seeds.rb:19
  [1m[35m (0.2ms)[0m  [1m[36mbegin transaction[0m
  ↳ db/seeds.rb:19
  [1m[36mDoctor Create (0.5ms)[0m  [1m[32mINSERT INTO "doctors" ("first_name", "last_name", "specialty", "postal_code", "created_at", "updated_at") VALUES (?, ?, ?, ?, ?, ?)[0m  [["first_name", "Stefan"], ["last_name", "Meri"], ["specialty", "Tonia"], ["postal_code", 10993], ["created_at", "2018-10-25 14:13:16.419171"], ["updated_at", "2018-10-25 14:13:16.419171"]]
  ↳ db/seeds.rb:19
  [1m[35m (70.6ms)[0m  [1m[36mcommit transaction[0m
  ↳ db/seeds.rb:19
  [1m[35m (0.1ms)[0m  [1m[36mbegin transaction[0m
  ↳ db/seeds.rb:19
  [1m[36mDoctor Create (0.4ms)[0m  [1m[32mINSERT INTO "doctors" ("first_name", "last_name", "specialty", "postal_code", "created_at", "updated_at") VALUES (?, ?, ?, ?, ?, ?)[0m  [["first_name", "Tomas"], ["last_name", "Alesha"], ["specialty", "Angelique"], ["postal_code", 59478], ["created_at", "2018-10-25 14:13:16.494939"], ["updated_at", "2018-10-25 14:13:16.494939"]]
  ↳ db/seeds.rb:19
  [1m[35m (96.1ms)[0m  [1m[36mcommit transaction[0m
  ↳ db/seeds.rb:19
